1528731915498	geckodriver	INFO	geckodriver 0.20.1
1528731915551	geckodriver	INFO	Listening on 127.0.0.1:63059
1528731918348	mozrunner::runner	INFO	Running command: "G:\\Program Files\\Mozilla Firefox\\firefox.exe" "-marionette" "-profile" "G:\\Users\\YOUNGR~1\\AppData\\Local\\Temp\\rust_mozprofile.LilE5nK9MCGU"
Unable to read VR Path Registry from G:\Users\youngrivers\AppData\Local\openvr\openvrpaths.vrpath
Unable to read VR Path Registry from G:\Users\youngrivers\AppData\Local\openvr\openvrpaths.vrpath
Unable to read VR Path Registry from G:\Users\youngrivers\AppData\Local\openvr\openvrpaths.vrpath
Unable to read VR Path Registry from G:\Users\youngrivers\AppData\Local\openvr\openvrpaths.vrpath
1528731923279	Marionette	INFO	Listening on port 63072
Unable to read VR Path Registry from G:\Users\youngrivers\AppData\Local\openvr\openvrpaths.vrpath
1528731923945	Marionette	WARN	TLS certificate errors will be ignored for this session
[Parent 5668, Gecko_IOThread] WARNING: pipe error: 109: file z:/build/build/src/ipc/chromium/src/chrome/common/ipc_channel_win.cc, line 346
[Child 12028, Chrome_ChildThread] WARNING: pipe error: 109: file z:/build/build/src/ipc/chromium/src/chrome/common/ipc_channel_win.cc, line 346
[Chil[Child 14944, Chrome_ChildThread] WARNING: pipe error: 109: file z:/build/build/src/ipc/chromium/src/chrome/common/ipc_channel_win.cc, line 346
[Child 149[Child 17080, Chrome_ChildThread] WARNING: pipe error: 109: file z:/build/build/src/ipc/chromium/src/chrome/common/ipc_channel_win.cc, line 346
[Chil[GPU 17948, Chro
###!!! [Child][MessageChannel::SendAndWait] Error: Channel error: cannot send/recv

.vrpath
1528732058647	Marionette	INFO	Listening on port 63375
Unable to read VR Path Registry from G:\Users\youngrivers\AppData\Local\openvr\openvrpaths.vrpath
1528732059337	Marionette	WARN	TLS certificate errors will be ignored for this session
[Parent 13072, Gecko_IOThread] WARNING: pipe error: 109: file z:/build/build/src/ipc/chromium/src/chrome/common/ipc_channel_win.cc, line 346
[Parent 13072, Gecko_IOThread] WARNING: pipe error: 109: file z:/build/build/src/ipc/chromium/src/chrome/common/ipc_channel_win.cc, line 346
[Child 20408, Chrome_ChildThread] WARNING: pipe error: 109: file z:/build/build/src/ipc/chromium/src/chrome/common/ipc_channel_win.cc, line 346
[Ch[Child 23420, Chrome_ChildThread] WARNING: pipe error: 109: file z:/build/build/src/ipc/chromium/src/chrome/common/ipc_channel_win.cc, line 346

###!!! [Child][MessageChannel::SendAndWait] Error: Channel error: cannot send/recv

rs\AppData\Local\openvr\openvrpaths.vrpath
1528732165717	Marionette	INFO	Listening on port 63643
Unable to read VR Path Registry from G:\Users\youngrivers\AppData\Local\openvr\openvrpaths.vrpath
1528732166293	Marionette	WARN	TLS certificate errors will be ignored for this session
[Child 22768, Chrome_ChildThr[Peaard] WARNIent 20376, Gecko_IOThread] WARNING: pipe error: 109: file z:/build/build/src/ipc/chromium/src/chrome/common/ipc_channel_win.cc, line 346
NG: pipe error: 109: file z:/build/build/src/ipc/chromium/src/chrome/common/ipc_channel_win.cc, line 346
[Child 227[Child 22184, Chrome_ChildThread] WARNING: pipe error: 109: file z:/build/build/src/ipc/chromium/src/chrome/common/ipc_channel_win.cc, line 346
[Child 22072, Chrome_ChildThread] WARNING: pipe error: 109: file z:/build/build/src/ipc/chromium/src/chrome/common/ipc_channel_win.cc, line 346
[Chil*** UTM:SVC TimerManager:registerTimer called after profile-before-change notification. Ignoring timer registration for id: telemetry_modules_ping
[GPU 21764, Chrome_C
###!!! [Child][MessageChannel::SendAndWait] Error: Channel error: cannot send/recv

1528732228700	geckodriver	INFO	geckodriver 0.20.1
1528732228755	geckodriver	INFO	Listening on 127.0.0.1:63825
1528732231608	mozrunner::runner	INFO	Running command: "G:\\Program Files\\Mozilla Firefox\\firefox.exe" "-marionette" "-profile" "G:\\Users\\YOUNGR~1\\AppData\\Local\\Temp\\rust_mozprofile.ijNCQIKAkXPS"
Unable to read VR Path Registry from G:\Users\youngrivers\AppData\Local\openvr\openvrpaths.vrpath
Unable to read VR Path Registry from G:\Users\youngrivers\AppData\Local\openvr\openvrpaths.vrpath
Unable to read VR Path Registry from G:\Users\youngrivers\AppData\Local\openvr\openvrpaths.vrpath
Unable to read VR Path Registry from G:\Users\youngrivers\AppData\Local\openvr\openvrpaths.vrpath
1528732236253	Marionette	INFO	Listening on port 63837
Unable to read VR Path Registry from G:\Users\youngrivers\AppData\Local\openvr\openvrpaths.vrpath
1528732236965	Marionette	WARN	TLS certificate errors will be ignored for this session
[Parent 17104, Gecko_IOThread] WARNING: pipe error: 109: file z:/build/build/src/ipc/chromium/src/chrome/common/ipc_channel_win.cc, line 346
[Parent 17104, Gecko_IOThread] WARNING: pipe error: 109: file z:/build/build/src/ipc/chromium/src/chrome/common/ipc_channel_win.cc, line 346
[Child 11708, Chrome_ChildThread] WARNING: pipe error: 109: file z[:/build/buiChild 20596, Chrome_ChildThread] WARNING: pipe error: 109: filld/src/ipc/chromium/src/chrome/common/ipc_channel_win.cc, line 346e z:/build/build/src/ipc/chromium/src/chrome/common/ipc_channel_w
in.cc, line 346
[Chil[Parent 17104, Gecko_IOThread] WARNING: pipe error: 109: file z:/build/build/src/ipc/chromium/src/chrome/common/ipc_channel_win.cc, line 346
[Child 16556, Chrome_ChildThread] WARNING: pipe error: 109: file z:/build/build/src/ipc/chromium/src/chrome/common/ipc_channel_win.cc, line 346
[Child 1655[GPU 21496, Chro
###!!! [Child][MessageChannel::SendAndWait] Error: Channel error: cannot send/recv

WARNING: pipe error: 109: file z:/build/build/src/ipc/chromium/src/chrome/common/ipc_channel_win.cc, line 346
[Child 15112, Chrome_ChildThread] WARNING: pipe error: 109: file z:/build/build/src/ipc/chromium/src/chrome/common/ipc_channel_win.cc, line 346
[Ch[Parent 11732, Gecko_IOThread] WARNING: pipe error: 109: file z:/build/build/src/ipc/chromium/src/chrome/common/ipc_channel_win.cc, line 346
[Child 16836, Chrome_ChildThread] WARNING: pipe error: 109: file z:/build/build/src/ipc/chromium/src/chrome/common/ipc_channel_win.cc, line 346
[Child[Parent 11732, Gecko_IOThread] WARNING: pipe error: 109: file z:/build/build/src/ipc/chromium/src/chrome/common/ipc_channel_win.cc, line 346
[Child 20292, Chrome_ChildThread] WARNING: pipe error: 109: file z:/build/build/src/ipc/chromium/src/chrome/common/ipc_channel_win.cc, line 346
[Child*** UTM:SVC TimerManager:registerTimer called after profile-before-change notification. Ignoring timer registration for id: telemetry_modules_ping

###!!! [Child][MessageChannel::SendAndWait] Error: Channel error: cannot send/recv

1528732881327	geckodriver	INFO	geckodriver 0.20.1
1528732881382	geckodriver	INFO	Listening on 127.0.0.1:65199
1528732884317	mozrunner::runner	INFO	Running command: "G:\\Program Files\\Mozilla Firefox\\firefox.exe" "-marionette" "-profile" "G:\\Users\\YOUNGR~1\\AppData\\Local\\Temp\\rust_mozprofile.02A0IavfIlbH"
Unable to read VR Path Registry from G:\Users\youngrivers\AppData\Local\openvr\openvrpaths.vrpath
Unable to read VR Path Registry from G:\Users\youngrivers\AppData\Local\openvr\openvrpaths.vrpath
Unable to read VR Path Registry from G:\Users\youngrivers\AppData\Local\openvr\openvrpaths.vrpath
Unable to read VR Path Registry from G:\Users\youngrivers\AppData\Local\openvr\openvrpaths.vrpath
1528732890002	Marionette	INFO	Listening on port 65211
1528732890199	Marionette	WARN	TLS certificate errors will be ignored for this session
Unable to read VR Path Registry from G:\Users\youngrivers\AppData\Local\openvr\openvrpaths.vrpath
[Child 15364, Chrome_ChildThread] WARNING: pipe error: 109: file z:/build/build/src/ipc/chromium/src/chrome/common/ipc_channel_win.cc, line 346
[Chi[Child 23524, Chrome_ChildThread] WARNING: pipe error: 109: file z:/build/build/src/ipc/chromium/src/chrome/common/ipc_channel_win.cc, line 346
[Parent 5988, Gecko_IOThread] WARNING: pipe error: 109: file z:/build/build/src/ipc/chromium/src/chrome/common/ipc_channel_win.cc, line 346
[Child 12976, Chrome_ChildThread] WARNING: pipe error: 109: file z:/build/build/src/ipc/chromium/src/chrome/common/ipc_channel_win.cc, line 346
[Child*** UTM:SVC TimerManager:registerTimer called after profile-before-change notification. Ignoring timer registration for id: telemetry_modules_ping
[GPU 15984, C
###!!! [Child][MessageChannel::SendAndWait] Error: Channel error: cannot send/recv

1528734596751	geckodriver	INFO	geckodriver 0.20.1
1528734596807	geckodriver	INFO	Listening on 127.0.0.1:52403
1528734599674	mozrunner::runner	INFO	Running command: "G:\\Program Files\\Mozilla Firefox\\firefox.exe" "-marionette" "-profile" "G:\\Users\\YOUNGR~1\\AppData\\Local\\Temp\\rust_mozprofile.RLSaU4j8PDyR"
Unable to read VR Path Registry from G:\Users\youngrivers\AppData\Local\openvr\openvrpaths.vrpath
Unable to read VR Path Registry from G:\Users\youngrivers\AppData\Local\openvr\openvrpaths.vrpath
Unable to read VR Path Registry from G:\Users\youngrivers\AppData\Local\openvr\openvrpaths.vrpath
Unable to read VR Path Registry from G:\Users\youngrivers\AppData\Local\openvr\openvrpaths.vrpath
1528734604334	Marionette	INFO	Listening on port 52415
Unable to read VR Path Registry from G:\Users\youngrivers\AppData\Local\openvr\openvrpaths.vrpath
1528734605075	Marionette	WARN	TLS certificate errors will be ignored for this session
[Parent 10652, Gecko_IOThread] WARNING: pipe error: 109: file z:/build/build/src/ipc/chromium/src/chrome/common/ipc_channel_win.cc, line 346
[Parent 10652, Gecko_IOThread] WARNING: pipe error: 109: file z:/build/build/src/ipc/chromium/src/chrome/common/ipc_channel_win.cc, line 346
[Child 17532, Chrome_ChildThread] WARNING: pipe error: 109: file z:/[build/Child 23328, Chrome_ChildThread] WARNING: pipe error: 109: file z:/build/build/src/ipc/chromibum/src/chrome/common/ipc_channel_win.cc, line 346u
ild/src/ipc/chromium/src/chrome/common/ipc_channel_win.cc, line 346
[Parent 10652, Gecko_IOThread] WARNING: pipe error: 109: file z:/build/build/src/ipc/chromium/src/chrome/common/ipc_channel_win.cc, line 346
[Child 23116, Chrome_ChildThread] WARNING: pipe error: 109: file z:/build/build/src/ipc/chromium/src/chrome/common/ipc_channel_win.cc, line 346
[Child 23116, Chrome_ChildThread] WARNING:[GPU 17304, Chrom
###!!! [Child][MessageChannel::SendAndWait] Error: Channel error: cannot send/recv

ile z:/build/build/src/ipc/chromium/src/chrome/common/ipc_channel_win.cc, line 346
[Child 21036, Chrome_ChildThread] WARNING: pipe error: 109: file z:/build/build/src/ipc/chromium/src/chrome/common/ipc_channel_win.cc, line 346
[Child 21036IPDL protocol error: Handler returned error code!

###!!! [Parent][DispatchAsyncMessage] Error: PLayerTransaction::Msg_ReleaseLayer Processing error: message was deserialized, but the handler returned false (indicating failure)

IPDL protocol error: Handler returned error code!

###!!! [Parent][DispatchAsyncMessage] Error: PLayerTransaction::Msg_ReleaseLayer Processing error: message was deserialized, but the handler returned false (indicating failure)

IPDL protocol error: Handler returned error code!

###!!! [Parent][DispatchAsyncMessage] Error: PLayerTransaction::Msg_ReleaseLayer Processing error: message was deserialized, but the handler returned false (indicating failure)

IPDL protocol error: Handler returned error code!

###!!! [Parent][DispatchAsyncMessage] Error: PLayerTransaction::Msg_ReleaseLayer Processing error: message was deserialized, but the handler returned false (indicating failure)

JavaScript error: http://cdn.aixifan.[Parent 22048, Gecko_IOThread] WARNING: pipe error: 109: file z:/build/build/src/ipc/chromium/src/chrome/common/ipc_channel_win.cc, line 346
com/acfun-pc/2.3.45/js/library.min.js, line 2: TypeError: e.ownerDocument.defaultView is null
JavaScript error: http://cdn.aixifan.com/acfun-pc/2.3.45/js/library.min.js, line 2: TypeError: e.ownerDocument.defaultView is null
JavaScript error: http://cdn.aixifan.com/acfun-pc/2.3.45/js/library.min.js, line 2: TypeError: e.ownerDocument.defaultView is null
JavaScript error: http://cdn.aixifan.com/acfun-pc/2.3.45/js/library.min.js, line 2: TypeError: e.ownerDocument.defaultView is null
JavaScript error: http://cdn.aixifan.com/acfun-pc/2.3.45/js/library.min.js, line 2: TypeError: e.ownerDocument.defaultView is null
[Child 12364, Chrome_ChildThread] WARNING: pipe error: 232: file z:/build/build/src/ipc/chromium/src/chrome/common/ipc_channel_win.cc, line 513
[Child 12364, Chrome_ChildThread] WARNING: pipe error: 109: file z:[Parent 22048, Gecko_IOThread] WARNING: pipe error: 109: file z:/build/build/src/ipc/chromium/src/chrome/common/ipc_channel_win.cc, line 346
*** UTM:SVC TimerManager:registerTimer called after profile-before-change notification. Ignoring timer registration for id: telemetry_modules_ping
[GPU 16896, C
###!!! [Child][MessageChannel::SendAndWait] Error: Channel error: cannot send/recv

1528735585840	geckodriver	INFO	geckodriver 0.20.1
1528735585895	geckodriver	INFO	Listening on 127.0.0.1:54144
1528735588762	mozrunner::runner	INFO	Running command: "G:\\Program Files\\Mozilla Firefox\\firefox.exe" "-marionette" "-profile" "G:\\Users\\YOUNGR~1\\AppData\\Local\\Temp\\rust_mozprofile.IOopnXD68gUk"
Unable to read VR Path Registry from G:\Users\youngrivers\AppData\Local\openvr\openvrpaths.vrpath
Unable to read VR Path Registry from G:\Users\youngrivers\AppData\Local\openvr\openvrpaths.vrpath
Unable to read VR Path Registry from G:\Users\youngrivers\AppData\Local\openvr\openvrpaths.vrpath
Unable to read VR Path Registry from G:\Users\youngrivers\AppData\Local\openvr\openvrpaths.vrpath
1528735593543	Marionette	INFO	Listening on port 54159
Unable to read VR Path Registry from G:\Users\youngrivers\AppData\Local\openvr\openvrpaths.vrpath
1528735594247	Marionette	WARN	TLS certificate errors will be ignored for this session
[Child 22380, Chrome_ChildThread] WARNING: pipe error: 109: file z:/build/build/src/ipc/chromium/src/chrome/common/ipc_channel_win.cc, line 346
[ChiJavaScript error: http://cdn.aixifan.com/acfun-pc/2.3.45/js/library.min.js, line 2: TypeError: e.ownerDocument.defaultView is null
JavaScript error: http://cdn.aixifan.com/acfun-pc/2.3.45/js/library.min.js, line 2: TypeError: e.ownerDocument.defaultView is null
JavaScript error: http://cdn.aixifan.com/acfun-pc/2.3.45/js/library.min.js, line 2: TypeError: e.ownerDocument.defaultView is null
JavaScript error: http://cdn.aixifan.com/acfun-pc/2.3.45/js/library.min.js, line 2: TypeError: e.ownerDocument.defaultView is null
[Child 20496, Chrome_ChildThread] WARNING: pipe error: 232: file z:/build/build/src/ipc/chromium/src/chrome/common/ipc_channel_win.cc, line 513
[Child 20496, Chrome_ChildThread] WARNING: pipe error: 109: file z:/build/build/src[Parent 23484, Gecko_IOThread] WARNING: pipe error: 109: file z:/build/build/src/ipc/chromium/src/chrome/common/ipc_channel_win.cc, line 346
[Child 21232, Chrome_ChildThread] WARNING: pipe error: 109: file z:/build/build/src/ipc/chromium/src/chrome/common/ipc_channel_win.cc, line 346
[Child*** UTM:SVC TimerManager:registerTimer called after profile-before-change notification. Ignoring timer registration for id: telemetry_modules_ping
[GPU 23228, Chrome_C
###!!! [Child][MessageChannel::SendAndWait] Error: Channel error: cannot send/recv

1528736050439	geckodriver	INFO	geckodriver 0.20.1
1528736050490	geckodriver	INFO	Listening on 127.0.0.1:55015
1528736053360	mozrunner::runner	INFO	Running command: "G:\\Program Files\\Mozilla Firefox\\firefox.exe" "-marionette" "-profile" "G:\\Users\\YOUNGR~1\\AppData\\Local\\Temp\\rust_mozprofile.EEn4LVYovPMH"
Unable to read VR Path Registry from G:\Users\youngrivers\AppData\Local\openvr\openvrpaths.vrpath
Unable to read VR Path Registry from G:\Users\youngrivers\AppData\Local\openvr\openvrpaths.vrpath
Unable to read VR Path Registry from G:\Users\youngrivers\AppData\Local\openvr\openvrpaths.vrpath
Unable to read VR Path Registry from G:\Users\youngrivers\AppData\Local\openvr\openvrpaths.vrpath
1528736057819	Marionette	INFO	Listening on port 55029
Unable to read VR Path Registry from G:\Users\youngrivers\AppData\Local\openvr\openvrpaths.vrpath
1528736058715	Marionette	WARN	TLS certificate errors will be ignored for this session
[Child 2192, Chrome_ChildThread] WARNING: pipe error: 109: file z:/build/build/src/ipc/chromium/src/chrome/common/ipc_channel_win.cc, line 346
[ChiIPDL protocol error: Handler returned error code!

###!!! [Parent][DispatchAsyncMessage] Error: PLayerTransaction::Msg_ReleaseLayer Processing error: message was deserialized, but the handler returned false (indicating failure)

IPDL protocol error: Handler returned error code!

###!!! [Parent][DispatchAsyncMessage] Error: PLayerTransaction::Msg_ReleaseLayer Processing error: message was deserialized, but the handler returned false (indicating failure)

IPDL protocol error: Handler returned error code!

###!!! [Parent][DispatchAsyncMessage] Error: PLayerTransaction::Msg_ReleaseLayer Processing error: message was deserialized, but the handler returned false (indicating failure)

IPDL protocol error: Handler returned error code!

###!!! [Parent][DispatchAsyncMessage] Error: PLayerTransaction::Msg_ReleaseLayer Processing error: message was deserialized, but the handler returned false (indicating failure)

IPDL protocol error: Handler returned error code!

###!!! [Parent][DispatchAsyncMessage] Error: PLayerTransaction::Msg_ReleaseLayer Processing error: message was deserialized, but the handler returned false (indicating failure)

IPDL protocol error: Handler returned error code!

###!!! [Parent][DispatchAsyncMessage] Error: PLayerTransaction::Msg_ReleaseLayer Processing error: message was deserialized, but the handler returned false (indicating failure)

IPDL protocol error: Handler returned error code!

###!!! [Parent][DispatchAsyncMessage] Error: PLayerTransaction::Msg_ReleaseLayer Processing error: message was deserialized, but the handler returned false (indicating failure)

IPDL protocol error: Handler returned error code!

###!!! [Parent][DispatchAsyncMessage] Error: PLayerTransaction::Msg_ReleaseLayer Processing error: message was deserialized, but the handler returned false (indicating failure)

IPDL protocol error: Handler returned error code!

###!!! [Parent][DispatchAsyncMessage] Error: PLayerTransaction::Msg_ReleaseLayer Processing error: message was deserialized, but the handler returned false (indicating failure)

JavaScript error: http://cdn.aixifan.com/acfun-pc/2.3.45/js/library.min.js, line 2: TypeError: e.ownerDocument.defaultView is null
JavaScript error: http://cdn.aixifan.com/acfun-pc/2.3.45/js/library.min.js, line 2: TypeError: e.ownerDocument.defaultView is null
JavaScript error: http://cdn.aixifan.com/acfun-pc/2.3.45/js/library.min.js, line 2: TypeError: e.ownerDocument.defaultView is null
JavaScript error: http://cdn.aixifan.com/acfun-pc/2.3.45/js/library.min.js, line 2: TypeError: e.ownerDocument.defaultView is null
[Child 22068, Chrome_ChildThread] WARNING: pipe error: 232: file z:/build/build/src/ipc/chromium/src/chrome/common/ipc_channel_win.cc, line
###!!! [Child][MessageChannel] Error: (msgtype=0x540027,name=PNecko::Msg_RemoveRequestContext) Channel closing: too late to send/recv, messages will be lost

 513
[Child 22068, Chrome_ChildThread] WARNING: pipe error[Parent 19236, Gecko_IOThread] WARNING: pipe error: 109: file z:/build/build/src/ipc/chromium/src/chrome/common/ipc_channel_win.cc, line 346
[Child 16460, Chrome_ChildThread] WARNING: pipe error: 109: file z:/build/build/src/ipc/chromium/src/chrome/common/ipc_channel_win.cc, line 346
[*** UTM:SVC TimerManager:registerTimer called after profile-before-change notification. Ignoring timer registration for id: telemetry_modules_ping
[GPU 20400, Chrom
###!!! [Child][MessageChannel::SendAndWait] Error: Channel error: cannot send/recv

1528736183760	geckodriver	INFO	geckodriver 0.20.1
1528736183813	geckodriver	INFO	Listening on 127.0.0.1:55313
1528736186736	mozrunner::runner	INFO	Running command: "G:\\Program Files\\Mozilla Firefox\\firefox.exe" "-marionette" "-profile" "G:\\Users\\YOUNGR~1\\AppData\\Local\\Temp\\rust_mozprofile.0rrgEy8lVvWn"
Unable to read VR Path Registry from G:\Users\youngrivers\AppData\Local\openvr\openvrpaths.vrpath
Unable to read VR Path Registry from G:\Users\youngrivers\AppData\Local\openvr\openvrpaths.vrpath
Unable to read VR Path Registry from G:\Users\youngrivers\AppData\Local\openvr\openvrpaths.vrpath
Unable to read VR Path Registry from G:\Users\youngrivers\AppData\Local\openvr\openvrpaths.vrpath
1528736191163	Marionette	INFO	Listening on port 55326
Unable to read VR Path Registry from G:\Users\youngrivers\AppData\Local\openvr\openvrpaths.vrpath
1528736192091	Marionette	WARN	TLS certificate errors will be ignored for this session
[Child 21860, Chrome_ChildThread] WARNING: pipe error: 109: file z:/build/build/src/ipc/chromium/src/chrome/common/ipc_channel_win.cc, line 346
[Chi[Parent 22080, Gecko_IOThread] WARNING: file z:/build/build/src/ipc/chromium/src/base/process_util_win.cc, line 188
JavaScript error: http://cdn.aixifan.com/acfun-pc/2.3.45/js/library.min.js, line 2: TypeError: e.ownerDocument.defaultView is null
JavaScript error: http://cdn.aixifan.com/acfun-pc/2.3.45/js/library.min.js, line 2: TypeError: e.ownerDocument.defaultView is null
JavaScript error: http://cdn.aixifan.com/acfun-pc/2.3.45/js/library.min.js, line 2: TypeError: e.ownerDocument.defaultView is null
JavaScript error: http://cdn.aixifan.com/acfun-pc/2.3.45/js/library.min.js, line 2: TypeError: e.ownerDocument.defaultView is null
[Child 15780, Chrome_ChildThread] WARNING: pipe error: 232: file z:/build/build/src/ipc/chromium/src/chrome/common/ipc_channel_win.cc, line 513
[Child 15780, Chrome_ChildThread] WARNING: pip[Parent 22080, Gecko_IOThread] WARNING: pipe error: 109: file z:/build/build/src/ipc/chromium/src/chrome/common/ipc_channel_win.cc, line 346
[Child 21472, Chrome_ChildThread] WARNING: pipe error: 109: file z:/build/build/src/ipc/chromium/src/chrome/common/ipc_channel_win.cc, line 346
[Chi*** UTM:SVC TimerManager:registerTimer called after profile-before-change notification. Ignoring timer registration for id: telemetry_modules_ping

###!!! [Child][MessageChannel::SendAndWait] Error: Channel error: cannot send/recv

1528736314154	geckodriver	INFO	geckodriver 0.20.1
1528736314216	geckodriver	INFO	Listening on 127.0.0.1:55598
1528736317108	mozrunner::runner	INFO	Running command: "G:\\Program Files\\Mozilla Firefox\\firefox.exe" "-marionette" "-profile" "G:\\Users\\YOUNGR~1\\AppData\\Local\\Temp\\rust_mozprofile.nSFDzvPJnDd0"
Unable to read VR Path Registry from G:\Users\youngrivers\AppData\Local\openvr\openvrpaths.vrpath
Unable to read VR Path Registry from G:\Users\youngrivers\AppData\Local\openvr\openvrpaths.vrpath
Unable to read VR Path Registry from G:\Users\youngrivers\AppData\Local\openvr\openvrpaths.vrpath
Unable to read VR Path Registry from G:\Users\youngrivers\AppData\Local\openvr\openvrpaths.vrpath
1528736321820	Marionette	INFO	Listening on port 55615
Unable to read VR Path Registry from G:\Users\youngrivers\AppData\Local\openvr\openvrpaths.vrpath
1528736322607	Marionette	WARN	TLS certificate errors will be ignored for this session
[Parent 22708, Gecko_IOThread] WARNING: pipe error: 109: file z:/build/build/src/ipc/chromium/src/chrome/common/ipc_channel_win.cc, line 346
[Child 14692, Chrome_ChildThread] WARNING: pipe error: 232: file z:/build/build/src/ipc/chromium/src/chrome/common/ipc_channel_win.cc, line 513
[Child 14692, Chrome_ChildThread] WARNING: pipe error: 232: file z:/build/build/src/ipc/chromium/src/chrome/common/ipc_channel_win.cc, line 513
[Child 14692, Chrome_ChildThread] WARNING: pipe error: 109: file z:/build/build/src/ipc/chromium/src/chrome/common/ipc_channel_win.cc, line 346
[[Parent 22708, Gecko_IOThread] WARNING: pipe error: 109: file z:/build/build/src/ipc/chromium/src/chrome/common/ipc_channel_win.cc, line 346
[Parent 22708, Gecko_IOThread] WARNING: pipe error: 109: file z:/build/build/src/ipc/chromium/src/chrome/common/ipc_channel_win.cc, line 346
[Child 21744, Chrome_ChildThread] WARNING: pipe error: 109: file z:/build/build/src/ipc/chromium/src/chrome/common/ipc_channel_win.cc, line 346
[Child 2174
###!!! [Child][MessageChannel::SendAndWait] Error: Channel error: cannot send/recv

Chrome_ChildThread] WARNING: pipe error: 109: file z:/build/build/src/ipc/chromium/src/chrome/common/ipc_channel_win.cc, line 346
[ChIPDL protocol error: Handler returned error code!

###!!! [Parent][DispatchAsyncMessage] Error: PLayerTransaction::Msg_ReleaseLayer Processing error: message was deserialized, but the handler returned false (indicating failure)

IPDL protocol error: Handler returned error code!

###!!! [Parent][DispatchAsyncMessage] Error: PLayerTransaction::Msg_ReleaseLayer Processing error: message was deserialized, but the handler returned false (indicating failure)

IPDL protocol error: Handler returned error code!

###!!! [Parent][DispatchAsyncMessage] Error: PLayerTransaction::Msg_ReleaseLayer Processing error: message was deserialized, but the handler returned false (indicating failure)

IPDL protocol error: Handler returned error code!

###!!! [Parent][DispatchAsyncMessage] Error: PLayerTransaction::Msg_ReleaseLayer Processing error: message was deserialized, but the handler returned false (indicating failure)

IPDL protocol error: Handler returned error code!

###!!! [Parent][DispatchAsyncMessage] Error: PLayerTransaction::Msg_ReleaseLayer Processing error: message was deserialized, but the handler returned false (indicating failure)

IPDL protocol error: Handler returned error code!

###!!! [Parent][DispatchAsyncMessage] Error: PLayerTransaction::Msg_ReleaseLayer Processing error: message was deserialized, but the handler returned false (indicating failure)

IPDL protocol error: Handler returned error code!

###!!! [Parent][DispatchAsyncMessage] Error: PLayerTransaction::Msg_ReleaseLayer Processing error: message was deserialized, but the handler returned false (indicating failure)

IPDL protocol error: Handler returned error code!

###!!! [Parent][DispatchAsyncMessage] Error: PLayerTransaction::Msg_ReleaseLayer Processing error: message was deserialized, but the handler returned false (indicating failure)

IPDL protocol error: Handler returned error code!

###!!! [Parent][DispatchAsyncMessage] Error: PLayerTransaction::Msg_ReleaseLayer Processing error: message was deserialized, but the handler returned false (indicating failure)

IPDL protocol error: Handler returned error code!

###!!! [Parent][DispatchAsyncMessage] Error: PLayerTransaction::Msg_ReleaseLayer Processing error: message was deserialized, but the handler returned false (indicating failure)

IPDL protocol error: Handler returned error code!

###!!! [Parent][DispatchAsyncMessage] Error: PLayerTransaction::Msg_ReleaseLayer Processing error: message was deserialized, but the handler returned false (indicating failure)

IPDL protocol error: Handler returned error code!

###!!! [Parent][DispatchAsyncMessage] Error: PLayerTransaction::Msg_ReleaseLayer Processing error: message was deserialized, but the handler returned false (indicating failure)

[Child 21324, Chrome_ChildThread] WARNING: pipe error: 109: file z:/build/build/src/ipc/chromium/src/chrome/common/ipc_channel_win.cc, line 346
[Child 21324, Chrome_ChildThread] WARNING: pipe error: 109: fi[Parent 22484, Gecko_IOThread] WARNING: pipe error: 109: file z:/build/build/src/ipc/chromium/src/chrome/common/ipc_channel_win.cc, line 346
[Child 22780, Chrome_ChildThread] WARNING: pipe error: 109: file z:/build/build/src/ipc/chromium/src/chrome/common/ipc_channel_win.cc, line 346
[Chil*** UTM:SVC TimerManager:registerTimer called after profile-before-change notification. Ignoring timer registration for id: telemetry_modules_ping
[GPU 22476, Chrome_ChildThread
###!!! [Child][MessageChannel::SendAndWait] Error: Channel error: cannot send/recv

1528736711901	geckodriver	INFO	geckodriver 0.20.1
1528736711955	geckodriver	INFO	Listening on 127.0.0.1:56614
1528736714883	mozrunner::runner	INFO	Running command: "G:\\Program Files\\Mozilla Firefox\\firefox.exe" "-marionette" "-profile" "G:\\Users\\YOUNGR~1\\AppData\\Local\\Temp\\rust_mozprofile.5g8CPNnZvdAV"
Unable to read VR Path Registry from G:\Users\youngrivers\AppData\Local\openvr\openvrpaths.vrpath
Unable to read VR Path Registry from G:\Users\youngrivers\AppData\Local\openvr\openvrpaths.vrpath
Unable to read VR Path Registry from G:\Users\youngrivers\AppData\Local\openvr\openvrpaths.vrpath
Unable to read VR Path Registry from G:\Users\youngrivers\AppData\Local\openvr\openvrpaths.vrpath
1528736719474	Marionette	INFO	Listening on port 56628
Unable to read VR Path Registry from G:\Users\youngrivers\AppData\Local\openvr\openvrpaths.vrpath
1528736720259	Marionette	WARN	TLS certificate errors will be ignored for this session
JavaScript error: http://cdn.aixifan.com/acfun-pc/2.3.45/js/library.min.js, line 2: TypeError: e.ownerDocument.defaultView is null
JavaScript error: http://cdn.aixifan.com/acfun-pc/2.3.45/js/library.min.js, line 2: TypeError: e.ownerDocument.defaultView is null
JavaScript error: http://cdn.aixifan.com/acfun-pc/2.3.45/js/library.min.js, line 2: TypeError: e.ownerDocument.defaultView is null
JavaScript error: http://cdn.aixifan.com/acfun-pc/2.3.45/js/library.min.js, line 2: TypeError: e.ownerDocument.defaultView is null

###!!! [Child][MessageChannel] Error: (msgtype=0x2C0094,name=PContent::Msg_StartVisitedQuery) Channel closing: too late to send/recv, messages will be lost


###!!! [Child][MessageChannel] Error: (msgtype=0x2C0094,name=PContent::Msg_StartVisitedQuery) Channel closing: too late to send/recv, messages will be lost


###!!! [Child][MessageChannel] Error: (msgtype=0x2C0094,name=PContent::Msg_StartVisitedQuery) Channel closing: too late to send/recv, messages will be lost


###!!! [Child][MessageChannel] Error: (msgtype=0x2C0094,name=PContent::Msg_StartVisitedQuery) Channel closing: too late to send/recv, messages will be lost


###!!! [Child][MessageChannel] Error: (msgtype=0x2C0094,name=PContent::Msg_StartVisitedQuery) Channel closing: too late to send/recv, messages will be lost


###!!! [Child][MessageChannel] Error: (msgtype=0x2C0094,name=PContent::Msg_StartVisitedQuery) Channel closing: too late to send/recv, messages will be lost


###!!! [Child][MessageChannel] Error: (msgtype=0x2C0094,name=PContent::Msg_StartVisitedQuery) Channel closing: too late to send/recv, messages will be lost


###!!! [Child][MessageChannel] Error: (msgtype=0x2C0094,name=PContent::Msg_StartVisitedQuery) Channel closing: too late to send/recv, messages will be lost


###!!! [Child][MessageChannel] Error: (msgtype=0x2C0094,name=PContent::Msg_StartVisitedQuery) Channel closing: too late to send/recv, messages will be lost


###!!! [Child][MessageChannel] Error: (msgtype=0x2C0094,name=PContent::Msg_StartVisitedQuery) Channel closing: too late to send/recv, messages will be lost


###!!! [Child][RunMessage] Error: Channel closing: too late to send/recv, messages will be lost

[Child 15772, Chrome_ChildThread] WARNING: pipe*** UTM:SVC TimerManager:registerTimer called after profile-before-change notification. Ignoring timer registration for id: telemetry_modules_ping

###!!! [Child][MessageChannel::SendAndWait] Error: Channel error: cannot send/recv

1528736827525	geckodriver	INFO	geckodriver 0.20.1
1528736827587	geckodriver	INFO	Listening on 127.0.0.1:56895
1528736830440	mozrunner::runner	INFO	Running command: "G:\\Program Files\\Mozilla Firefox\\firefox.exe" "-marionette" "-profile" "G:\\Users\\YOUNGR~1\\AppData\\Local\\Temp\\rust_mozprofile.ldsNeRcpDeyg"
Unable to read VR Path Registry from G:\Users\youngrivers\AppData\Local\openvr\openvrpaths.vrpath
Unable to read VR Path Registry from G:\Users\youngrivers\AppData\Local\openvr\openvrpaths.vrpath
Unable to read VR Path Registry from G:\Users\youngrivers\AppData\Local\openvr\openvrpaths.vrpath
Unable to read VR Path Registry from G:\Users\youngrivers\AppData\Local\openvr\openvrpaths.vrpath
1528736834970	Marionette	INFO	Listening on port 56915
Unable to read VR Path Registry from G:\Users\youngrivers\AppData\Local\openvr\openvrpaths.vrpath
1528736835824	Marionette	WARN	TLS certificate errors will be ignored for this session
[Child 22808, Chrome_ChildThread] WARNING: pipe error: 109: file z:/build/build/src/ipc/chromium/src/chrome/common/ipc_channel_win.cc, line 346
[Chil[Parent 11656, Gecko_IOThread] WARNING: pipe error: 109: file z:/build/build/src/ipc/chromium/src/chrome/common/ipc_channel_win.cc, line 346
[Child 21120, Chrome_ChildThread] WARNING: pipe error: 109: file z:/build/build/src/ipc/chromium/src/chrome/common/ipc_channel_win.cc, line 346

###!!! [Child][MessageChannel] Error: (msgtype=0x48000E,name=PHttpChannel::Msg_DeletingChannel) Channel closing: too late to send/recv, messages will be lost

[Child[Parent 11656, Gecko_IOThread] WARNING: pipe error: 109: file z:/build/build/src/ipc/chromium/src/chrome/common/ipc_channel_win.cc, line 346
*** UTM:SVC TimerManager:registerTimer called after profile-before-change notification. Ignoring timer registration for id: telemetry_modules_ping
[GPU 16312, Chrome_ChildThrea
###!!! [Child][MessageChannel::SendAndWait] Error: Channel error: cannot send/recv

1528736887251	geckodriver	INFO	geckodriver 0.20.1
1528736887309	geckodriver	INFO	Listening on 127.0.0.1:57072
1528736890245	mozrunner::runner	INFO	Running command: "G:\\Program Files\\Mozilla Firefox\\firefox.exe" "-marionette" "-profile" "G:\\Users\\YOUNGR~1\\AppData\\Local\\Temp\\rust_mozprofile.Ne4N2Fox1o46"
Unable to read VR Path Registry from G:\Users\youngrivers\AppData\Local\openvr\openvrpaths.vrpath
Unable to read VR Path Registry from G:\Users\youngrivers\AppData\Local\openvr\openvrpaths.vrpath
Unable to read VR Path Registry from G:\Users\youngrivers\AppData\Local\openvr\openvrpaths.vrpath
Unable to read VR Path Registry from G:\Users\youngrivers\AppData\Local\openvr\openvrpaths.vrpath
1528736894773	Marionette	INFO	Listening on port 57089
Unable to read VR Path Registry from G:\Users\youngrivers\AppData\Local\openvr\openvrpaths.vrpath
1528736895617	Marionette	WARN	TLS certificate errors will be ignored for this session
[Parent 18952, Gecko_IOThread] WARNING: pipe error: 109: file z:/build/build/src/ipc/chromium/src/chrome/common/ipc_channel_win.cc, line 346
[Child 16452, Chrome_ChildThread] WARNING: pipe error: 109: file z:/build/build/src/ipc/chromium/src/chrome/common/ipc_channel_win.cc, line 346
[ChilIPDL protocol error: Handler returned error code!

###!!! [Parent][DispatchAsyncMessage] Error: PLayerTransaction::Msg_ReleaseLayer Processing error: message was deserialized, but the handler returned false (indicating failure)

IPDL protocol error: Handler returned error code!

###!!! [Parent][DispatchAsyncMessage] Error: PLayerTransaction::Msg_ReleaseLayer Processing error: message was deserialized, but the handler returned false (indicating failure)

IPDL protocol error: Handler returned error code!

###!!! [Parent][DispatchAsyncMessage] Error: PLayerTransaction::Msg_ReleaseLayer Processing error: message was deserialized, but the handler returned false (indicating failure)

IPDL protocol error: Handler returned error code!

###!!! [Parent][DispatchAsyncMessage] Error: PLayerTransaction::Msg_ReleaseLayer Processing error: message was deserialized, but the handler returned false (indicating failure)

IPDL protocol error: Handler returned error code!

###!!! [Parent][DispatchAsyncMessage] Error: PLayerTransaction::Msg_ReleaseLayer Processing error: message was deserialized, but the handler returned false (indicating failure)

IPDL protocol error: Handler returned error code!

###!!! [Parent][DispatchAsyncMessage] Error: PLayerTransaction::Msg_ReleaseLayer Processing error: message was deserialized, but the handler returned false (indicating failure)

IPDL protocol error: Handler returned error code!

###!!! [Parent][DispatchAsyncMessage] Error: PLayerTransaction::Msg_ReleaseLayer Processing error: message was deserialized, but the handler returned false (indicating failure)

IPDL protocol error: Handler returned error code!

###!!! [Parent][DispatchAsyncMessage] Error: PLayerTransaction::Msg_ReleaseLayer Processing error: message was deserialized, but the handler returned false (indicating failure)

IPDL protocol error: Handler returned error code!

###!!! [Parent][DispatchAsyncMessage] Error: PLayerTransaction::Msg_ReleaseLayer Processing error: message was deserialized, but the handler returned false (indicating failure)

IPDL protocol error: Handler returned error code!

###!!! [Parent][DispatchAsyncMessage] Error: PLayerTransaction::Msg_ReleaseLayer Processing error: message was deserialized, but the handler returned false (indicating failure)

IPDL protocol error: Handler returned error code!

###!!! [Parent][DispatchAsyncMessage] Error: PLayerTransaction::Msg_ReleaseLayer Processing error: message was deserialized, but the handler returned false (indicating failure)

IPDL protocol error: Handler returned error code!

###!!! [Parent][DispatchAsyncMessage] Error: PLayerTransaction::Msg_ReleaseLayer Processing error: message was deserialized, but the handler returned false (indicating failure)

[Child 20084, Chrome_ChildThread] WARNING: pipe error: 232: file z:/build/build/src/ipc/chr
###!!! [Child][MessageChannel] Error: (msgtype=0x540027,name=PNecko::Msg_RemoveRequestContext) Channel closing: too late to send/recv, messages will be lost

omium/src/chrome/common/ipc_channel_win.cc, line 513
[Child 20084, Chrome_ChildThread] WARNING: *** UTM:SVC TimerManager:registerTimer called after profile-before-change notification. Ignoring timer registration for id: telemetry_modules_ping
[GPU 18932, C
###!!! [Child][MessageChannel::SendAndWait] Error: Channel error: cannot send/recv

1528737078053	geckodriver	INFO	geckodriver 0.20.1
1528737078108	geckodriver	INFO	Listening on 127.0.0.1:57470
1528737081052	mozrunner::runner	INFO	Running command: "G:\\Program Files\\Mozilla Firefox\\firefox.exe" "-marionette" "-profile" "G:\\Users\\YOUNGR~1\\AppData\\Local\\Temp\\rust_mozprofile.l3Sj3kzX3ty2"
Unable to read VR Path Registry from G:\Users\youngrivers\AppData\Local\openvr\openvrpaths.vrpath
Unable to read VR Path Registry from G:\Users\youngrivers\AppData\Local\openvr\openvrpaths.vrpath
Unable to read VR Path Registry from G:\Users\youngrivers\AppData\Local\openvr\openvrpaths.vrpath
Unable to read VR Path Registry from G:\Users\youngrivers\AppData\Local\openvr\openvrpaths.vrpath
1528737085814	Marionette	INFO	Listening on port 57483
Unable to read VR Path Registry from G:\Users\youngrivers\AppData\Local\openvr\openvrpaths.vrpath
1528737086423	Marionette	WARN	TLS certificate errors will be ignored for this session
[Parent 20744, Gecko_IOThread] WARNING: pipe error: 109: file z:/build/build/src/ipc/chromium/src/chrome/common/ipc_channel_win.cc, line 346
[Child 13588, Chrome_ChildThread] WARNING: pipe error: 109: file z:/build/build/src/ipc/chromium/src/chrome/common/ipc_channel_win.cc, line 346
[Ch[Child 23044, Chrome_ChildThread] WARNING: pipe error: 232: file z:/build/build/src/ipc/chromium/src/chrome/common/ipc_channel_win.cc, line 513
[Child 23044, Chrome_ChildThread] WARNING: pipe error: 232: file z:/build/build/src/ipc/chromium/src/chrome/common/ipc_channel_win.cc, line 513
[Child 23044, Chrome_ChildThread] WARNING: pipe error: 109: file z:/build/build/src/ipc/chromium/src/chrome/common/ipc_channel_win.cc, line 346
[Parent 20744, Gecko_IOThread] WARNING: pipe error: 109: file z:/build/build/src/ipc/chromium/src/chrome/common/ipc_channel_win.cc, line 346
[Child 14976, Chrome_ChildThread] WARNING: pipe error: 109: file z:/build/build/src/ipc/chromium/src/chrome/common/ipc_channel_win.cc, line 346
[Child*** UTM:SVC TimerManager:registerTimer called after profile-before-change notification. Ignoring timer registration for id: telemetry_modules_ping
[GPU 23316, 
###!!! [Child][MessageChannel::SendAndWait] Error: Channel error: cannot send/recv

1528737386574	geckodriver	INFO	geckodriver 0.20.1
1528737386626	geckodriver	INFO	Listening on 127.0.0.1:58099
1528737389507	mozrunner::runner	INFO	Running command: "G:\\Program Files\\Mozilla Firefox\\firefox.exe" "-marionette" "-profile" "G:\\Users\\YOUNGR~1\\AppData\\Local\\Temp\\rust_mozprofile.WfFaDchww2zj"
Unable to read VR Path Registry from G:\Users\youngrivers\AppData\Local\openvr\openvrpaths.vrpath
Unable to read VR Path Registry from G:\Users\youngrivers\AppData\Local\openvr\openvrpaths.vrpath
Unable to read VR Path Registry from G:\Users\youngrivers\AppData\Local\openvr\openvrpaths.vrpath
Unable to read VR Path Registry from G:\Users\youngrivers\AppData\Local\openvr\openvrpaths.vrpath
1528737394038	Marionette	INFO	Listening on port 58119
Unable to read VR Path Registry from G:\Users\youngrivers\AppData\Local\openvr\openvrpaths.vrpath
1528737394881	Marionette	WARN	TLS certificate errors will be ignored for this session
[Parent 4876, Gecko_IOThread] WARNING: pipe error: 109: file z:/build/build/src/ipc/chromium/src/chrome/common/ipc_channel_win.cc, line 346
[Child 14364, Chrome_ChildThread] WARNING: pipe error: 109: file z:/build/build/src/ipc/chromium/src/chrome/common/ipc_channel_win.cc, line 346[
Chil[Child 1436d 10024, Chrome_ChildThread] WARNING: pipe error: 232: file z:/build/build/src/ipc/chromium/src/chrome/common/ipc_channel_win.cc, line 513
[Child 10024, Chrome_ChildThread] WARNING: pipe error: 109: file z:/build/build/src/ipc/chromium/src/chrome/common/ipc_channel_win.cc, line 346
[Chil[Parent 4876, Gecko_IOThread] WARNING: pipe error: 109: file z:/build/build/src/ipc/chromium/src/chrome/common/ipc_channel_win.cc, line 346
[Child 2460, Chrome_ChildThread] WARNING: pipe error: 109: file z:/build/build/src/ipc/chromium/src/chrome/common/ipc_channel_win.cc, line 346
[Chi*** UTM:SVC TimerManager:registerTimer called after profile-before-change notification. Ignoring timer registration for id: telemetry_modules_ping

###!!! [Child][MessageChannel::SendAndWait] Error: Channel error: cannot send/recv

1528737486697	geckodriver	INFO	geckodriver 0.20.1
1528737486753	geckodriver	INFO	Listening on 127.0.0.1:58332
1528737489674	mozrunner::runner	INFO	Running command: "G:\\Program Files\\Mozilla Firefox\\firefox.exe" "-marionette" "-profile" "G:\\Users\\YOUNGR~1\\AppData\\Local\\Temp\\rust_mozprofile.qZWoYY30Cwd7"
Unable to read VR Path Registry from G:\Users\youngrivers\AppData\Local\openvr\openvrpaths.vrpath
Unable to read VR Path Registry from G:\Users\youngrivers\AppData\Local\openvr\openvrpaths.vrpath
Unable to read VR Path Registry from G:\Users\youngrivers\AppData\Local\openvr\openvrpaths.vrpath
Unable to read VR Path Registry from G:\Users\youngrivers\AppData\Local\openvr\openvrpaths.vrpath
1528737494163	Marionette	INFO	Listening on port 58346
Unable to read VR Path Registry from G:\Users\youngrivers\AppData\Local\openvr\openvrpaths.vrpath
1528737495067	Marionette	WARN	TLS certificate errors will be ignored for this session
[Child 9252, Chrome_ChildThread] WARNING: pipe error: 109: file z:/build/build/src/ipc/chromium/src/chrome/common/ipc_channel_win.cc, line 346
[ChilIPDL protocol error: Handler returned error code!

###!!! [Parent][DispatchAsyncMessage] Error: PLayerTransaction::Msg_ReleaseLayer Processing error: message was deserialized, but the handler returned false (indicating failure)

IPDL protocol error: Handler returned error code!

###!!! [Parent][DispatchAsyncMessage] Error: PLayerTransaction::Msg_ReleaseLayer Processing error: message was deserialized, but the handler returned false (indicating failure)

IPDL protocol error: Handler returned error code!

###!!! [Parent][DispatchAsyncMessage] Error: PLayerTransaction::Msg_ReleaseLayer Processing error: message was deserialized, but the handler returned false (indicating failure)

IPDL protocol error: Handler returned error code!

###!!! [Parent][DispatchAsyncMessage] Error: PLayerTransaction::Msg_ReleaseLayer Processing error: message was deserialized, but the handler returned false (indicating failure)

IPDL protocol error: Handler returned error code!

###!!! [Parent][DispatchAsyncMessage] Error: PLayerTransaction::Msg_ReleaseLayer Processing error: message was deserialized, but the handler returned false (indicating failure)

IPDL protocol error: Handler returned error code!

###!!! [Parent][DispatchAsyncMessage] Error: PLayerTransaction::Msg_ReleaseLayer Processing error: message was deserialized, but the handler returned false (indicating failure)

IPDL protocol error: Handler returned error code!

###!!! [Parent][DispatchAsyncMessage] Error: PLayerTransaction::Msg_ReleaseLayer Processing error: message was deserialized, but the handler returned false (indicating failure)

IPDL protocol error: Handler returned error code!

###!!! [Parent][DispatchAsyncMessage] Error: PLayerTransaction::Msg_ReleaseLayer Processing error: message was deserialized, but the handler returned false (indicating failure)

IPDL protocol error: Handler returned error code!

###!!! [Parent][DispatchAsyncMessage] Error: PLayerTransaction::Msg_ReleaseLayer Processing error: message was deserialized, but the handler returned false (indicating failure)

IPDL protocol error: Handler returned error code!

###!!! [Parent][DispatchAsyncMessage] Error: PLayerTransaction::Msg_ReleaseLayer Processing error: message was deserialized, but the handler returned false (indicating failure)

IPDL protocol error: Handler returned error code!

###!!! [Parent][DispatchAsyncMessage] Error: PLayerTransaction::Msg_ReleaseLayer Processing error: message was deserialized, but the handler returned false (indicating failure)

IPDL protocol error: Handler returned error code!

###!!! [Parent][DispatchAsyncMessage] Error: PLayerTransaction::Msg_ReleaseLayer Processing error: message was deserialized, but the handler returned false (indicating failure)

JavaScript error: http://cdn.aixifan.com/acfun-pc/2.3.45/js/library.min.js, line 2: TypeError: e.ownerDocument.defaultView is null
JavaScript error: http://cdn.aixifan.com/acfun-pc/2.3.45/js/library.min.js, line 2: TypeError: e.ownerDocument.defaultView is null
[Parent 19808, Gecko_IOThread] WARNING: pipe error: 109: file z:/build/build/src/ipc/chromium/src/chrome/common/ipc_channel_win.cc, line 346
[Child 16860, Chrome_ChildThread] WARNING: pipe error: 232: file z:/build/build/src/ipc/chromium/src/chrome/common/ipc_channel_win.cc, line 513
[Child 16860, Chrome_ChildThread] WARNING: pipe error: 109: fil[Parent 19808, Gecko_IOThread] WARNING: pipe error: 109: file z:/build/build/src/ipc/chromium/src/chrome/common/ipc_channel_win.cc, line 346
[Child 17808, Chrome_ChildThread] WARNING: pipe error: 109: file z:/build/build/src/ipc/chromium/src/chrome/common/ipc_channel_win.cc, line 346
[Ch*** UTM:SVC TimerManager:registerTimer called after profile-before-change notification. Ignoring timer registration for id: telemetry_modules_ping

###!!! [Child][MessageChannel::SendAndWait] Error: Channel error: cannot send/recv

1528737543061	geckodriver	INFO	geckodriver 0.20.1
1528737543116	geckodriver	INFO	Listening on 127.0.0.1:58489
1528737546027	mozrunner::runner	INFO	Running command: "G:\\Program Files\\Mozilla Firefox\\firefox.exe" "-marionette" "-profile" "G:\\Users\\YOUNGR~1\\AppData\\Local\\Temp\\rust_mozprofile.94SzzIWJaMVF"
Unable to read VR Path Registry from G:\Users\youngrivers\AppData\Local\openvr\openvrpaths.vrpath
Unable to read VR Path Registry from G:\Users\youngrivers\AppData\Local\openvr\openvrpaths.vrpath
Unable to read VR Path Registry from G:\Users\youngrivers\AppData\Local\openvr\openvrpaths.vrpath
Unable to read VR Path Registry from G:\Users\youngrivers\AppData\Local\openvr\openvrpaths.vrpath
1528737550640	Marionette	INFO	Listening on port 58503
Unable to read VR Path Registry from G:\Users\youngrivers\AppData\Local\openvr\openvrpaths.vrpath
1528737551393	Marionette	WARN	TLS certificate errors will be ignored for this session
[Parent 4704, Gecko_IOThread] WARNING: pipe error: 109: file z:/build/build/src/ipc/chromium/src/chrome/common/ipc_channel_win.cc, line 346
IPDL protocol error: Handler returned error code!

###!!! [Parent][DispatchAsyncMessage] Error: PLayerTransaction::Msg_ReleaseLayer Processing error: message was deserialized, but the handler returned false (indicating failure)

IPDL protocol error: Handler returned error code!

###!!! [Parent][DispatchAsyncMessage] Error: PLayerTransaction::Msg_ReleaseLayer Processing error: message was deserialized, but the handler returned false (indicating failure)

IPDL protocol error: Handler returned error code!

###!!! [Parent][DispatchAsyncMessage] Error: PLayerTransaction::Msg_ReleaseLayer Processing error: message was deserialized, but the handler returned false (indicating failure)

IPDL protocol error: Handler returned error code!

###!!! [Parent][DispatchAsyncMessage] Error: PLayerTransaction::Msg_ReleaseLayer Processing error: message was deserialized, but the handler returned false (indicating failure)

IPDL protocol error: Handler returned error code!

###!!! [Parent][DispatchAsyncMessage] Error: PLayerTransaction::Msg_ReleaseLayer Processing error: message was deserialized, but the handler returned false (indicating failure)

IPDL protocol error: Handler returned error code!

###!!! [Parent][DispatchAsyncMessage] Error: PLayerTransaction::Msg_ReleaseLayer Processing error: message was deserialized, but the handler returned false (indicating failure)

IPDL protocol error: Handler returned error code!

###!!! [Parent][DispatchAsyncMessage] Error: PLayerTransaction::Msg_ReleaseLayer Processing error: message was deserialized, but the handler returned false (indicating failure)

IPDL protocol error: Handler returned error code!

###!!! [Parent][DispatchAsyncMessage] Error: PLayerTransaction::Msg_ReleaseLayer Processing error: message was deserialized, but the handler returned false (indicating failure)

IPDL protocol error: Handler returned error code!

###!!! [Parent][DispatchAsyncMessage] Error: PLayerTransaction::Msg_ReleaseLayer Processing error: message was deserialized, but the handler returned false (indicating failure)

IPDL protocol error: Handler returned error code!

###!!! [Parent][DispatchAsyncMessage] Error: PLayerTransaction::Msg_ReleaseLayer Processing error: message was deserialized, but the handler returned false (indicating failure)

IPDL protocol error: Handler returned error code!

###!!! [Parent][DispatchAsyncMessage] Error: PLayerTransaction::Msg_ReleaseLayer Processing error: message was deserialized, but the handler returned false (indicating failure)

IPDL protocol error: Handler returned error code!

###!!! [Parent][DispatchAsyncMessage] Error: PLayerTransaction::Msg_ReleaseLayer Processing error: message was deserialized, but the handler returned false (indicating failure)

JavaScript error: http://cdn.aixifan.com/acfun-pc/2.3.45/js/library.min.js, line 2: TypeError: e.ownerDocument.defaultView is null
JavaScript error: http://cdn.aixifan.com/acfun-pc/2.3.45/js/library.min.js, line 2: TypeError: e.ownerDocument.defaultView is null
JavaScript error: http://cdn.aixifan.com/acfun-pc/2.3.45/js/library.min.js, line 2: TypeError: e.ownerDocument.defaultView is null
[Child 12576, Chrome_ChildThread] WARNING: pipe error: 232: file z:/build/build/src/ipc/chromium/src/chrome/common/ipc_channel_win.cc, line 513
[Child 12576, Chrome_ChildThread] WARNING: pipe error: 109: file z:/[Parent 4704, Gecko_IOThread] WARNING: pipe error: 109: file z:/build/build/src/ipc/chromium/src/chrome/common/ipc_channel_win.cc, line 346
[Child 16232, Chrome_ChildThread] WARNING: pipe error: 109: file z:/build/build/src/ipc/chromium/src/chrome/common/ipc_channel_win.cc, line 346
[Chil*** UTM:SVC TimerManager:registerTimer called after profile-before-change notification. Ignoring timer registration for id: telemetry_modules_ping

###!!! [Child][MessageChannel::SendAndWait] Error: Channel error: cannot send/recv

1528737608303	geckodriver	INFO	geckodriver 0.20.1
1528737608354	geckodriver	INFO	Listening on 127.0.0.1:58675
1528737611265	mozrunner::runner	INFO	Running command: "G:\\Program Files\\Mozilla Firefox\\firefox.exe" "-marionette" "-profile" "G:\\Users\\YOUNGR~1\\AppData\\Local\\Temp\\rust_mozprofile.P8euHFcwBPiE"
Unable to read VR Path Registry from G:\Users\youngrivers\AppData\Local\openvr\openvrpaths.vrpath
Unable to read VR Path Registry from G:\Users\youngrivers\AppData\Local\openvr\openvrpaths.vrpath
Unable to read VR Path Registry from G:\Users\youngrivers\AppData\Local\openvr\openvrpaths.vrpath
Unable to read VR Path Registry from G:\Users\youngrivers\AppData\Local\openvr\openvrpaths.vrpath
1528737615768	Marionette	INFO	Listening on port 58688
Unable to read VR Path Registry from G:\Users\youngrivers\AppData\Local\openvr\openvrpaths.vrpath
1528737616631	Marionette	WARN	TLS certificate errors will be ignored for this session
IPDL protocol error: Handler returned error code!

###!!! [Parent][DispatchAsyncMessage] Error: PLayerTransaction::Msg_ReleaseLayer Processing error: message was deserialized, but the handler returned false (indicating failure)

IPDL protocol error: Handler returned error code!

###!!! [Parent][DispatchAsyncMessage] Error: PLayerTransaction::Msg_ReleaseLayer Processing error: message was deserialized, but the handler returned false (indicating failure)

IPDL protocol error: Handler returned error code!

###!!! [Parent][DispatchAsyncMessage] Error: PLayerTransaction::Msg_ReleaseLayer Processing error: message was deserialized, but the handler returned false (indicating failure)

IPDL protocol error: Handler returned error code!

###!!! [Parent][DispatchAsyncMessage] Error: PLayerTransaction::Msg_ReleaseLayer Processing error: message was deserialized, but the handler returned false (indicating failure)

IPDL protocol error: Handler returned error code!

###!!! [Parent][DispatchAsyncMessage] Error: PLayerTransaction::Msg_ReleaseLayer Processing error: message was deserialized, but the handler returned false (indicating failure)

IPDL protocol error: Handler returned error code!

###!!! [Parent][DispatchAsyncMessage] Error: PLayerTransaction::Msg_ReleaseLayer Processing error: message was deserialized, but the handler returned false (indicating failure)

IPDL protocol error: Handler returned error code!

###!!! [Parent][DispatchAsyncMessage] Error: PLayerTransaction::Msg_ReleaseLayer Processing error: message was deserialized, but the handler returned false (indicating failure)

IPDL protocol error: Handler returned error code!

###!!! [Parent][DispatchAsyncMessage] Error: PLayerTransaction::Msg_ReleaseLayer Processing error: message was deserialized, but the handler returned false (indicating failure)

IPDL protocol error: Handler returned error code!

###!!! [Parent][DispatchAsyncMessage] Error: PLayerTransaction::Msg_ReleaseLayer Processing error: message was deserialized, but the handler returned false (indicating failure)

IPDL protocol error: Handler returned error code!

###!!! [Parent][DispatchAsyncMessage] Error: PLayerTransaction::Msg_ReleaseLayer Processing error: message was deserialized, but the handler returned false (indicating failure)

IPDL protocol error: Handler returned error code!

###!!! [Parent][DispatchAsyncMessage] Error: PLayerTransaction::Msg_ReleaseLayer Processing error: message was deserialized, but the handler returned false (indicating failure)

IPDL protocol error: Handler returned error code!

###!!! [Parent][DispatchAsyncMessage] Error: PLayerTransaction::Msg_ReleaseLayer Processing error: message was deserialized, but the handler returned false (indicating failure)

JavaScript error: http://cdn.aixifan.com/acfun-pc/2.3.45/js/library.min.js, line 2: TypeError: e.ownerDocument.defaultView is null
[Child 13736, Chrome_ChildThread] WARNING: pipe error: 232: file z:/build/build/src/ipc/chromium/src/chrome/common/ipc_channel_win.cc, line 513
[Child [Parent 5056, Gecko_IOThread] WARNING: pipe error: 109: file z:/build/build/src/ipc/chromium/src/chrome/common/ipc_channel_win.cc, line 346
[Child 21080, Chrome_ChildThread] WARNING: pipe error: 109: file z:/build/build/src/ipc/chromium/src/chrome/common/ipc_channel_win.cc, line 346
[C*** UTM:SVC TimerManager:registerTimer called after profile-before-change notification. Ignoring timer registration for id: telemetry_modules_ping

###!!! [Child][MessageChannel::SendAndWait] Error: Channel error: cannot send/recv

1528737883420	geckodriver	INFO	geckodriver 0.20.1
1528737883475	geckodriver	INFO	Listening on 127.0.0.1:59278
1528737886249	mozrunner::runner	INFO	Running command: "G:\\Program Files\\Mozilla Firefox\\firefox.exe" "-marionette" "-profile" "G:\\Users\\YOUNGR~1\\AppData\\Local\\Temp\\rust_mozprofile.oWgvsLFm9K7T"
Unable to read VR Path Registry from G:\Users\youngrivers\AppData\Local\openvr\openvrpaths.vrpath
Unable to read VR Path Registry from G:\Users\youngrivers\AppData\Local\openvr\openvrpaths.vrpath
Unable to read VR Path Registry from G:\Users\youngrivers\AppData\Local\openvr\openvrpaths.vrpath
Unable to read VR Path Registry from G:\Users\youngrivers\AppData\Local\openvr\openvrpaths.vrpath
1528737890870	Marionette	INFO	Listening on port 59294
Unable to read VR Path Registry from G:\Users\youngrivers\AppData\Local\openvr\openvrpaths.vrpath
1528737891664	Marionette	WARN	TLS certificate errors will be ignored for this session
[Parent 9992, Gecko_IOThread] WARNING: pipe error: 109: file z:/build/build/src/ipc/chromium/src/chrome/common/ipc_channel_win.cc, line 346
[Child 23148, Chrome_ChildThread] WARNING: pipe error: 109: file z:/build/build/src/ipc/chromium/src/chrome/common/ipc_channel_win.cc, line 346
[ChildIPDL protocol error: Handler returned error code!

###!!! [Parent][DispatchAsyncMessage] Error: PLayerTransaction::Msg_ReleaseLayer Processing error: message was deserialized, but the handler returned false (indicating failure)

IPDL protocol error: Handler returned error code!

###!!! [Parent][DispatchAsyncMessage] Error: PLayerTransaction::Msg_ReleaseLayer Processing error: message was deserialized, but the handler returned false (indicating failure)

IPDL protocol error: Handler returned error code!

###!!! [Parent][DispatchAsyncMessage] Error: PLayerTransaction::Msg_ReleaseLayer Processing error: message was deserialized, but the handler returned false (indicating failure)

IPDL protocol error: Handler returned error code!

###!!! [Parent][DispatchAsyncMessage] Error: PLayerTransaction::Msg_ReleaseLayer Processing error: message was deserialized, but the handler returned false (indicating failure)

IPDL protocol error: Handler returned error code!

###!!! [Parent][DispatchAsyncMessage] Error: PLayerTransaction::Msg_ReleaseLayer Processing error: message was deserialized, but the handler returned false (indicating failure)

IPDL protocol error: Handler returned error code!

###!!! [Parent][DispatchAsyncMessage] Error: PLayerTransaction::Msg_ReleaseLayer Processing error: message was deserialized, but the handler returned false (indicating failure)

IPDL protocol error: Handler returned error code!

###!!! [Parent][DispatchAsyncMessage] Error: PLayerTransaction::Msg_ReleaseLayer Processing error: message was deserialized, but the handler returned false (indicating failure)

IPDL protocol error: Handler returned error code!

###!!! [Parent][DispatchAsyncMessage] Error: PLayerTransaction::Msg_ReleaseLayer Processing error: message was deserialized, but the handler returned false (indicating failure)

IPDL protocol error: Handler returned error code!

###!!! [Parent][DispatchAsyncMessage] Error: PLayerTransaction::Msg_ReleaseLayer Processing error: message was deserialized, but the handler returned false (indicating failure)

IPDL protocol error: Handler returned error code!

###!!! [Parent][DispatchAsyncMessage] Error: PLayerTransaction::Msg_ReleaseLayer Processing error: message was deserialized, but the handler returned false (indicating failure)

IPDL protocol error: Handler returned error code!

###!!! [Parent][DispatchAsyncMessage] Error: PLayerTransaction::Msg_ReleaseLayer Processing error: message was deserialized, but the handler returned false (indicating failure)

IPDL protocol error: Handler returned error code!

###!!! [Parent][DispatchAsyncMessage] Error: PLayerTransaction::Msg_ReleaseLayer Processing error: message was deserialized, but the handler returned false (indicating failure)

[Child 12040, Chrome_ChildThread] WARNING: pipe error: 232: file z:/build/build/src/ipc/chromium/src/chrome/common/ipc_channel_win.cc, line 513
[Child 12040, Chrome_ChildThread] WARNING: pipe error: 109: file z:/build/build/src/ipc/chromium/src/chrome/common/ipc_channel_win.cc, line 346
[Child 12040, Chrome_ChildThread] WARNING: pipe error: 109: file z:/build/build/src/ipc/chromium/src/chrome/common/ipc[Parent 9992, Gecko_IOThread] WARNING: pipe error: 109: file z:/build/build/src/ipc/chromium/src/chrome/common/ipc_channel_win.cc, line 346
[Child 16880, Chrome_ChildThread] WARNING: pipe error: 109: file z:/build/build/src/ipc/chromium/src/chrome/common/ipc_channel_win.cc, line 346
[Chil*** UTM:SVC TimerManager:registerTimer called after profile-before-change notification. Ignoring timer registration for id: telemetry_modules_ping

###!!! [Child][MessageChannel::SendAndWait] Error: Channel error: cannot send/recv

1528738230735	geckodriver	INFO	geckodriver 0.20.1
1528738230792	geckodriver	INFO	Listening on 127.0.0.1:59965
1528738233681	mozrunner::runner	INFO	Running command: "G:\\Program Files\\Mozilla Firefox\\firefox.exe" "-marionette" "-profile" "G:\\Users\\YOUNGR~1\\AppData\\Local\\Temp\\rust_mozprofile.yE71TuEByJwU"
Unable to read VR Path Registry from G:\Users\youngrivers\AppData\Local\openvr\openvrpaths.vrpath
Unable to read VR Path Registry from G:\Users\youngrivers\AppData\Local\openvr\openvrpaths.vrpath
Unable to read VR Path Registry from G:\Users\youngrivers\AppData\Local\openvr\openvrpaths.vrpath
Unable to read VR Path Registry from G:\Users\youngrivers\AppData\Local\openvr\openvrpaths.vrpath
1528738238233	Marionette	INFO	Listening on port 59980
1528738239040	Marionette	WARN	TLS certificate errors will be ignored for this session
Unable to read VR Path Registry from G:\Users\youngrivers\AppData\Local\openvr\openvrpaths.vrpath
[Child 17320, Chrome_ChildThread] WARNING: pipe error: 109: file z:/build/build/src/ipc/chromium/src/chrome/common/ipc_channel_win.cc, line 346
[Chil[Parent 17904, Gecko_IOThread] WARNING: pipe error: 109: file z:/build/build/src/ipc/chromium/src/chrome/common/ipc_channel_win.cc, line 346
[Child 22244, Chrome_ChildThread] WARNING: pipe error: 109: file z:/build/build/src/ipc/chromium/src/chrome/common/ipc_channel_win.cc, line 346
[Child 11736, Chrome_ChildThread] WARNING: pipe error: 109: file z:/build/build/src/ipc/chromium/src/chrome/common/ipc_channel_win.cc, line 346
[Chi*** UTM:SVC TimerManager:registerTimer called after profile-before-change notification. Ignoring timer registration for id: telemetry_modules_ping
[GPU 20500, Chrome_Child
###!!! [Child][MessageChannel::SendAndWait] Error: Channel error: cannot send/recv

1528739797339	geckodriver	INFO	geckodriver 0.20.1
1528739797397	geckodriver	INFO	Listening on 127.0.0.1:62906
1528739800312	mozrunner::runner	INFO	Running command: "G:\\Program Files\\Mozilla Firefox\\firefox.exe" "-marionette" "-profile" "G:\\Users\\YOUNGR~1\\AppData\\Local\\Temp\\rust_mozprofile.nrPmjsLroKOV"
Unable to read VR Path Registry from G:\Users\youngrivers\AppData\Local\openvr\openvrpaths.vrpath
Unable to read VR Path Registry from G:\Users\youngrivers\AppData\Local\openvr\openvrpaths.vrpath
Unable to read VR Path Registry from G:\Users\youngrivers\AppData\Local\openvr\openvrpaths.vrpath
Unable to read VR Path Registry from G:\Users\youngrivers\AppData\Local\openvr\openvrpaths.vrpath
1528739805252	Marionette	INFO	Listening on port 62925
Unable to read VR Path Registry from G:\Users\youngrivers\AppData\Local\openvr\openvrpaths.vrpath
1528739805858	Marionette	WARN	TLS certificate errors will be ignored for this session
[Child 17092, Chrome_ChildThread] WARNING: pipe error: 109: file z:/build/build/src/ipc/chromium/src/chrome/common/ipc_channel_win.cc, line 346
[Chi
###!!! [Child][MessageChannel] Error: (msgtype=0x48000E,name=PHttpChannel::Msg_DeletingChannel) Channel closing: too late to send/recv, messages will be lost

[Parent 23452, Gecko_IOThread] WARNING: pipe error: 109: file z:/build/build/src/ipc/chromium/src/chrome/common/ipc_channel_win.cc, line 346
[Child 20408, Chrome_ChildThread] WARNING: pipe error: 109: file z:/build/build/src/ipc/chromium/src/chrome/common/ipc_channel_win.cc, line 346
[Chi*** UTM:SVC TimerManager:registerTimer called after profile-before-change notification. Ignoring timer registration for id: telemetry_modules_ping
[GPU 15616, Chr
###!!! [Child][MessageChannel::SendAndWait] Error: Channel error: cannot send/recv

1528739931608	geckodriver	INFO	geckodriver 0.20.1
1528739931664	geckodriver	INFO	Listening on 127.0.0.1:63220
1528739934607	mozrunner::runner	INFO	Running command: "G:\\Program Files\\Mozilla Firefox\\firefox.exe" "-marionette" "-profile" "G:\\Users\\YOUNGR~1\\AppData\\Local\\Temp\\rust_mozprofile.aXMQ6IgJuc2R"
Unable to read VR Path Registry from G:\Users\youngrivers\AppData\Local\openvr\openvrpaths.vrpath
Unable to read VR Path Registry from G:\Users\youngrivers\AppData\Local\openvr\openvrpaths.vrpath
Unable to read VR Path Registry from G:\Users\youngrivers\AppData\Local\openvr\openvrpaths.vrpath
Unable to read VR Path Registry from G:\Users\youngrivers\AppData\Local\openvr\openvrpaths.vrpath
1528739939409	Marionette	INFO	Listening on port 63233
Unable to read VR Path Registry from G:\Users\youngrivers\AppData\Local\openvr\openvrpaths.vrpath
1528739939979	Marionette	WARN	TLS certificate errors will be ignored for this session
[Parent 4584, Gecko_IOThread] WARNING: pipe error: 109: file z:/build/build/src/ipc/chromium/src/chrome/common/ipc_channel_win.cc, line 346
[Child 19816, Chrome_ChildThread] WARNING: pipe error: 109: file z:/build/build/src/ipc/chromium/src/chrome/common/ipc_channel_win.cc, line 346
[Chil1528739963609	addons.productaddons	WARN	Failed downloading via XHR, status: 0, reason: error
[Parent 4584, Gecko_IOThread] WARNING: pipe error: 109: file z:/build/build/src/ipc/chromium/src/chrome/common/ipc_channel_win.cc, line 346
1528739963625	addons.productaddons	WARN	Failed downloading via XHR, status: 0, reason: error
[Child 14616, Chrome_ChildThread] WARNING: pipe error: 109: file z:/build/build/src/ipc/chromium/src/chrome/common/ipc_channel_win.cc, line 346
[Parent 4584, Gecko_IOThread] WARNING: pipe error: 109: file z:/build/build/src/ipc/chromium/src/chrome/common/ipc_channel_win.cc, line 346
*** UTM:SVC TimerManager:registerTimer called after profile-before-change notification. Ignoring timer registration for id: telemetry_modules_ping
[GPU 5948, Chrome_ChildThread] WA
###!!! [Child][MessageChannel::SendAndWait] Error: Channel error: cannot send/recv

1528740048434	geckodriver	INFO	geckodriver 0.20.1
1528740048493	geckodriver	INFO	Listening on 127.0.0.1:63500
1528740051390	mozrunner::runner	INFO	Running command: "G:\\Program Files\\Mozilla Firefox\\firefox.exe" "-marionette" "-profile" "G:\\Users\\YOUNGR~1\\AppData\\Local\\Temp\\rust_mozprofile.7bkZW0CCIJbL"
Unable to read VR Path Registry from G:\Users\youngrivers\AppData\Local\openvr\openvrpaths.vrpath
Unable to read VR Path Registry from G:\Users\youngrivers\AppData\Local\openvr\openvrpaths.vrpath
Unable to read VR Path Registry from G:\Users\youngrivers\AppData\Local\openvr\openvrpaths.vrpath
Unable to read VR Path Registry from G:\Users\youngrivers\AppData\Local\openvr\openvrpaths.vrpath
1528740056112	Marionette	INFO	Listening on port 63518
Unable to read VR Path Registry from G:\Users\youngrivers\AppData\Local\openvr\openvrpaths.vrpath
1528740056763	Marionette	WARN	TLS certificate errors will be ignored for this session
[Child 21432, Chrome_ChildThread] WARNING: pipe error: 109: file z:/build/build/src/ipc/chromium/src/chrome/common/ipc_channel_win.cc, line 346
[Child[Parent 22616, Gecko_IOThread] WARNING: pipe error: 109: file z:/build/build/src/ipc/chromium/src/chrome/common/ipc_channel_win.cc, line 346
[Child 17912, Chrome_ChildThread] WARNING: pipe error: 109: file z:/build/build/src/ipc/chromium/src/chrome/common/ipc_channel_win.cc, line 346
*** UTM:SVC TimerManager:registerTimer called after profile-before-change notification. Ignoring timer registration for id: telemetry_modules_ping
[GPU 17400, Chro
###!!! [Child][MessageChannel::SendAndWait] Error: Channel error: cannot send/recv

1528740578483	geckodriver	INFO	geckodriver 0.20.1
1528740578537	geckodriver	INFO	Listening on 127.0.0.1:64692
1528740581420	mozrunner::runner	INFO	Running command: "G:\\Program Files\\Mozilla Firefox\\firefox.exe" "-marionette" "-profile" "G:\\Users\\YOUNGR~1\\AppData\\Local\\Temp\\rust_mozprofile.ZFPEumJ2wcip"
Unable to read VR Path Registry from G:\Users\youngrivers\AppData\Local\openvr\openvrpaths.vrpath
Unable to read VR Path Registry from G:\Users\youngrivers\AppData\Local\openvr\openvrpaths.vrpath
Unable to read VR Path Registry from G:\Users\youngrivers\AppData\Local\openvr\openvrpaths.vrpath
Unable to read VR Path Registry from G:\Users\youngrivers\AppData\Local\openvr\openvrpaths.vrpath
1528740586261	Marionette	INFO	Listening on port 64707
Unable to read VR Path Registry from G:\Users\youngrivers\AppData\Local\openvr\openvrpaths.vrpath
1528740586873	Marionette	WARN	TLS certificate errors will be ignored for this session
[Child 11220, Chrome_ChildThread] WARNING: pipe error: 109: file z:/build/build/src/ipc/chromium/src/chrome/common/ipc_channel_win.cc, line 346
[Chi[Parent 204, Gecko_IOThread] WARNING: pipe error: 109: file z:/build/build/src/ipc/chromium/src/chrome/common/ipc_channel_win.cc, line 346
[Child 5484, Chrome_ChildThread] WARNING: pipe error: 232: file z:/build/build/src/ipc/chromium/src/chrome/common/ipc_channel_win.cc, line 513
[Child 5484, Chrome_ChildThread] WARNING: pipe error: 109: file z:/build/build/src/ipc/chromium/src/chrome/common/ipc_channel_win.cc, line 346
[Chil[Child 20584, Chrome_ChildThread] WARNING: pipe error: 109: file z:/build/build/src/ipc/chromium/src/chrome/common/ipc_channel_win.cc, line 346
[Chi*** UTM:SVC TimerManager:registerTimer called after profile-before-change notification. Ignoring timer registration for id: telemetry_modules_ping
[GPU 10616, Chrome
###!!! [Child][MessageChannel::SendAndWait] Error: Channel error: cannot send/recv

1528741133405	geckodriver	INFO	geckodriver 0.20.1
1528741133460	geckodriver	INFO	Listening on 127.0.0.1:49470
1528741136329	mozrunner::runner	INFO	Running command: "G:\\Program Files\\Mozilla Firefox\\firefox.exe" "-marionette" "-profile" "G:\\Users\\YOUNGR~1\\AppData\\Local\\Temp\\rust_mozprofile.2Ca89RQk5llN"
Unable to read VR Path Registry from G:\Users\youngrivers\AppData\Local\openvr\openvrpaths.vrpath
Unable to read VR Path Registry from G:\Users\youngrivers\AppData\Local\openvr\openvrpaths.vrpath
Unable to read VR Path Registry from G:\Users\youngrivers\AppData\Local\openvr\openvrpaths.vrpath
Unable to read VR Path Registry from G:\Users\youngrivers\AppData\Local\openvr\openvrpaths.vrpath
[GFX1-]: Failed to OpenSharedResource for SyncObjectD3D11: 0x80070057
1528741143313	Marionette	INFO	Listening on port 49482
Unable to read VR Path Registry from G:\Users\youngrivers\AppData\Local\openvr\openvrpaths.vrpath
1528741144047	Marionette	WARN	TLS certificate errors will be ignored for this session
[Child 14200, Chrome_ChildThread] WARNING: pipe error: 109: file z:/build/build/src/ipc/chromium/src/chrome/common/ipc_channel_win.cc, line 346
[Chil[Parent 16620, Gecko_IOThread] WARNING: pipe error: 109: file z:/build/build/src/ipc/chromium/src/chrome/common/ipc_channel_win.cc, line 346
[Child 13548, Chrome_ChildThread] WARNING: pipe error: 232: file z:/build/build/src/ipc/chromium/src/chrome/common/ipc_channel_win.cc, line 513
[Child 13548, Chrome_ChildThread] WARNING: pipe error: 109: file z:/build/build/src/ipc/chromium/src/chrome/common/ipc_channel_win.cc, line 346
[Chi[Parent 16620, Gecko_IOThread] WARNING: pipe error: 109: file z:/build/build/src/ipc/chromium/src/chrome/common/ipc_channel_win.cc, line 346
[Child 20772, Chrome_ChildThread] WARNING: pipe error: 109: file z:/build/build/src/ipc/chromium/src/chrome/common/ipc_channel_win.cc, line 346
[Chil*** UTM:SVC TimerManager:registerTimer called after profile-before-change notification. Ignoring timer registration for id: telemetry_modules_ping
[GPU 5464, Chrome
###!!! [Child][MessageChannel::SendAndWait] Error: Channel error: cannot send/recv

1528741573044	geckodriver	INFO	geckodriver 0.20.1
1528741573098	geckodriver	INFO	Listening on 127.0.0.1:50351
1528741575974	mozrunner::runner	INFO	Running command: "G:\\Program Files\\Mozilla Firefox\\firefox.exe" "-marionette" "-profile" "G:\\Users\\YOUNGR~1\\AppData\\Local\\Temp\\rust_mozprofile.1CAPJQnNmleu"
Unable to read VR Path Registry from G:\Users\youngrivers\AppData\Local\openvr\openvrpaths.vrpath
Unable to read VR Path Registry from G:\Users\youngrivers\AppData\Local\openvr\openvrpaths.vrpath
Unable to read VR Path Registry from G:\Users\youngrivers\AppData\Local\openvr\openvrpaths.vrpath
Unable to read VR Path Registry from G:\Users\youngrivers\AppData\Local\openvr\openvrpaths.vrpath
1528741581328	Marionette	INFO	Listening on port 50367
1528741581453	Marionette	WARN	TLS certificate errors will be ignored for this session
Unable to read VR Path Registry from G:\Users\youngrivers\AppData\Local\openvr\openvrpaths.vrpath
[Child 21892, Chrome_ChildThread] WARNING: pipe error: 109: file z:/build/build/src/ipc/chromium/src/chrome/common/ipc_channel_win.cc, line 346
[Chil[Parent 18708, Gecko_IOThread] WARNING: pipe error: 109: file z:/build/build/src/ipc/chromium/src/chrome/common/ipc_channel_win.cc, line 346

###!!! [Child][RunMessage] Error: Channel closing: too late to send/recv, messages will be lost

[Parent 18708, Gecko_IOThread] WARNING: pipe error: 109: file z:/build/build/src/ipc/chromium/src/chrome/common/ipc_channel_win.cc, line 346
[Child 13248, Chrome_ChildThread] WARNING: pipe error: 109: file z:/build/build/src/ipc/chromium/src/chrome/common/ipc_channel_win.cc, line 346
[Child[GPU 22244, 
###!!! [Child][MessageChannel::SendAndWait] Error: Channel error: cannot send/recv

1528812205717	geckodriver	INFO	geckodriver 0.20.1
1528812205785	geckodriver	INFO	Listening on 127.0.0.1:53942
1528812208715	mozrunner::runner	INFO	Running command: "G:\\Program Files\\Mozilla Firefox\\firefox.exe" "-marionette" "-profile" "G:\\Users\\YOUNGR~1\\AppData\\Local\\Temp\\rust_mozprofile.RszYJNOQmEoz"
Unable to read VR Path Registry from G:\Users\youngrivers\AppData\Local\openvr\openvrpaths.vrpath
Unable to read VR Path Registry from G:\Users\youngrivers\AppData\Local\openvr\openvrpaths.vrpath
Unable to read VR Path Registry from G:\Users\youngrivers\AppData\Local\openvr\openvrpaths.vrpath
Unable to read VR Path Registry from G:\Users\youngrivers\AppData\Local\openvr\openvrpaths.vrpath
1528812215677	Marionette	INFO	Listening on port 53953
1528812215747	Marionette	WARN	TLS certificate errors will be ignored for this session
Unable to read VR Path Registry from G:\Users\youngrivers\AppData\Local\openvr\openvrpaths.vrpath
[Child 15020, Chrome_ChildThread] WARNING: pipe error: 109: file z:/build/build/src/ipc/chromium/src/chrome/common/ipc_channel_win.cc, line 346
[Chil[Child 6812, Chrome_ChildThread] WARNING: pipe error: 109: file z:/build/build/src/ipc/chromium/src/chrome/common/ipc_channe
###!!! [Child][MessageChannel] Error: (msgtype=0x48000E,name=PHttpChannel::Msg_DeletingChannel) Channel closing: too late to send/recv, messages will be lost

l_win.cc, line 346
[Parent 20512, Gecko_IOThread] WARNING: pipe error: 109: file z:/build/build/src/ipc/chromium/src/chrome/common/ipc_channel_win.cc, line 346
[Child 16372, Chrome_ChildThread] WARNING: pipe error: 109: file z:/build/build/src/ipc/chromium/src/chrome/common/ipc_channel_win.cc, line 346
[Child[GPU 15008, Chrome_Chil
###!!! [Child][MessageChannel::SendAndWait] Error: Channel error: cannot send/recv

